INFO:root:Main loss: None, Rec loss: None, Conf loss: tensor(2.1305, grad_fn=<MseLossBackward>)
INFO:root:MainTask: None tensor([[29.5885, 13.8598,  4.8654],
        [ 9.9003,  6.4080,  3.1449],
        [61.0655, 31.4123,  7.0863],
        [51.0410, 30.6457,  6.7654],
        [ 5.6979,  2.0877,  1.5944]])
INFO:root:Recommendation: None tensor([9., 5., 4., 4., 5.])
INFO:root:Confidence: tensor([[2.9959],
        [3.2721],
        [2.9907],
        [2.9870],
        [2.9872]], grad_fn=<AddmmBackward>) tensor([4., 4., 5., 4., 5.])
INFO:root:Epoch: 0 Training Loss: 1.2984768620942437
INFO:root:Main loss: None, Rec loss: None, Conf loss: tensor(0.7438, grad_fn=<MseLossBackward>)
INFO:root:MainTask: None tensor([[13.9419,  8.2192,  3.0449],
        [14.3178,  5.6272,  3.0299],
        [63.1268, 74.0869, 16.7841],
        [32.8230, 18.8327,  6.0963],
        [80.2919, 46.2436, 11.1189]])
INFO:root:Recommendation: None tensor([4., 7., 5., 7., 5.])
INFO:root:Confidence: tensor([[4.5759],
        [4.4036],
        [4.6984],
        [4.4212],
        [4.5000]], grad_fn=<AddmmBackward>) tensor([3., 4., 4., 5., 4.])
INFO:root:Epoch: 1 Training Loss: 0.7478795649272253
INFO:root:Main loss: None, Rec loss: None, Conf loss: tensor(0.5505, grad_fn=<MseLossBackward>)
INFO:root:MainTask: None tensor([[12.7884,  2.6027,  2.6180],
        [ 2.7882,  2.0176,  1.3712],
        [25.8558,  7.2015,  3.4304],
        [31.2212, 19.8215,  4.6539],
        [ 7.4646,  2.3431,  1.8030]])
INFO:root:Recommendation: None tensor([3., 6., 5., 7., 7.])
INFO:root:Confidence: tensor([[4.0492],
        [3.8860],
        [4.1877],
        [3.7647],
        [3.7188]], grad_fn=<AddmmBackward>) tensor([5., 5., 4., 4., 3.])
INFO:root:Epoch: 2 Training Loss: 0.7255278473353617
INFO:root:Main loss: None, Rec loss: None, Conf loss: tensor(1.1105, grad_fn=<MseLossBackward>)
INFO:root:MainTask: None tensor([[14.4975,  5.6358,  2.7765],
        [68.7901, 43.5568, 11.1240],
        [19.9894, 16.8580,  3.6854],
        [53.4749, 21.8957,  6.6169],
        [12.7884,  2.6027,  2.6180]])
INFO:root:Recommendation: None tensor([6., 4., 6., 4., 5.])
INFO:root:Confidence: tensor([[3.6983],
        [3.6560],
        [3.5546],
        [3.5683],
        [3.7513]], grad_fn=<AddmmBackward>) tensor([4., 3., 2., 5., 3.])
INFO:root:Epoch: 3 Training Loss: 0.711787046714998
INFO:root:Main loss: None, Rec loss: None, Conf loss: tensor(1.0784, grad_fn=<MseLossBackward>)
INFO:root:MainTask: None tensor([[12.2542,  5.7414,  2.6633],
        [54.4855, 30.9072,  8.6283],
        [49.4896, 52.1167,  8.2979],
        [15.3233,  5.7144,  3.2459],
        [14.3073, 10.0161,  2.2406]])
INFO:root:Recommendation: None tensor([4., 6., 7., 6., 6.])
INFO:root:Confidence: tensor([[3.4836],
        [3.3866],
        [3.1064],
        [3.3439],
        [3.2878]], grad_fn=<AddmmBackward>) tensor([4., 4., 3., 2., 5.])
INFO:root:Epoch: 4 Training Loss: 0.6814487260918538
INFO:root:Main loss: None, Rec loss: None, Conf loss: tensor(0.5800, grad_fn=<MseLossBackward>)
INFO:root:MainTask: None tensor([[ 4.9585,  3.7488,  1.5130],
        [24.1053, 10.4210,  3.6857],
        [12.8335,  8.2192,  2.8872],
        [43.3288, 13.9898,  7.1072],
        [31.2554, 10.8285,  4.0201]])
INFO:root:Recommendation: None tensor([7., 6., 6., 6., 6.])
INFO:root:Confidence: tensor([[3.6379],
        [3.5858],
        [3.6472],
        [3.8086],
        [3.5598]], grad_fn=<AddmmBackward>) tensor([4., 5., 3., 4., 3.])
INFO:root:Epoch: 5 Training Loss: 0.6968644866074881
INFO:root:Main loss: None, Rec loss: None, Conf loss: tensor(0.8734, grad_fn=<MseLossBackward>)
INFO:root:MainTask: None tensor([[12.2542,  5.7414,  2.6633],
        [53.1250, 28.1758,  8.7241],
        [ 2.7882,  2.0176,  1.3712],
        [ 6.8392,  3.9842,  1.4946],
        [48.5368, 23.7970,  9.0490]])
INFO:root:Recommendation: None tensor([6., 7., 4., 4., 5.])
INFO:root:Confidence: tensor([[3.5706],
        [3.4212],
        [3.2330],
        [3.2854],
        [3.4687]], grad_fn=<AddmmBackward>) tensor([5., 4., 3., 2., 4.])
INFO:root:Epoch: 6 Training Loss: 0.691128686235552
INFO:root:Main loss: None, Rec loss: None, Conf loss: tensor(0.7764, grad_fn=<MseLossBackward>)
INFO:root:MainTask: None tensor([[29.1484, 21.9382,  4.6474],
        [52.7678, 28.0391, 11.9622],
        [ 6.6687,  5.4371,  1.8558],
        [27.2916, 11.4549,  5.1661],
        [18.2683, 18.5450,  3.2729]])
INFO:root:Recommendation: None tensor([4., 4., 8., 7., 6.])
INFO:root:Confidence: tensor([[4.0317],
        [4.8842],
        [3.8691],
        [4.0688],
        [3.7349]], grad_fn=<AddmmBackward>) tensor([5., 4., 3., 5., 3.])
INFO:root:Epoch: 7 Training Loss: 0.6952191879173065
INFO:root:Main loss: None, Rec loss: None, Conf loss: tensor(1.0893, grad_fn=<MseLossBackward>)
INFO:root:MainTask: None tensor([[53.1250, 28.1758,  8.7241],
        [10.3652, 12.3417,  1.9758],
        [14.3073, 10.0161,  2.2406],
        [ 9.9003,  6.4080,  3.1449],
        [12.8335,  8.2192,  2.8872]])
INFO:root:Recommendation: None tensor([2., 6., 8., 4., 6.])
INFO:root:Confidence: tensor([[3.9722],
        [3.3518],
        [3.5602],
        [3.5043],
        [3.1232]], grad_fn=<AddmmBackward>) tensor([5., 4., 4., 3., 5.])
INFO:root:Epoch: 8 Training Loss: 0.6296888113929955
INFO:root:Main loss: None, Rec loss: None, Conf loss: tensor(1.9751, grad_fn=<MseLossBackward>)
INFO:root:MainTask: None tensor([[16.7276,  4.4157,  3.5758],
        [ 6.1619,  3.0107,  1.1125],
        [16.0872, 14.0108,  4.6053],
        [10.1650,  4.2343,  3.1615],
        [ 6.0793,  2.9132,  2.2365]])
INFO:root:Recommendation: None tensor([5., 5., 4., 8., 5.])
INFO:root:Confidence: tensor([[4.1612],
        [3.3977],
        [3.7363],
        [3.1573],
        [4.2027]], grad_fn=<AddmmBackward>) tensor([4., 1., 4., 5., 5.])
INFO:root:Epoch: 9 Training Loss: 0.6318220589051947
INFO:root:Main loss: None, Rec loss: None, Conf loss: tensor(0.1774, grad_fn=<MseLossBackward>)
INFO:root:MainTask: None tensor([[10.9908,  8.3396,  2.1606],
        [16.3140,  4.0866,  2.1563],
        [12.2542,  5.7414,  2.6633],
        [18.5668, 11.4822,  4.9297],
        [12.5856,  4.6608,  2.6923]])
INFO:root:Recommendation: None tensor([3., 6., 7., 6., 3.])
INFO:root:Confidence: tensor([[4.0581],
        [3.8790],
        [3.7015],
        [3.8828],
        [4.0243]], grad_fn=<AddmmBackward>) tensor([4., 4., 4., 3., 4.])
INFO:root:Epoch: 10 Training Loss: 0.6432711876247729
INFO:root:Main loss: None, Rec loss: None, Conf loss: tensor(0.2967, grad_fn=<MseLossBackward>)
INFO:root:MainTask: None tensor([[25.4790,  9.0297,  4.6808],
        [83.1097, 57.7969, 11.2137],
        [11.1018,  3.4936,  3.1790],
        [10.3086,  5.8392,  2.8328],
        [26.6223, 14.2434,  7.7877]])
INFO:root:Recommendation: None tensor([4., 4., 4., 6., 5.])
INFO:root:Confidence: tensor([[3.3984],
        [4.1115],
        [4.3946],
        [3.7046],
        [3.4961]], grad_fn=<AddmmBackward>) tensor([4., 4., 5., 3., 3.])
INFO:root:Epoch: 11 Training Loss: 0.6160192088097581
INFO:root:Main loss: None, Rec loss: None, Conf loss: tensor(0.4034, grad_fn=<MseLossBackward>)
INFO:root:MainTask: None tensor([[10.6908,  3.4013,  2.1382],
        [31.6526,  9.0506,  5.1960],
        [83.1097, 57.7969, 11.2137],
        [29.9071, 11.7034,  4.4317],
        [23.7962,  5.6395,  3.3616]])
INFO:root:Recommendation: None tensor([5., 5., 6., 7., 4.])
INFO:root:Confidence: tensor([[4.0864],
        [4.0619],
        [4.2651],
        [4.4885],
        [4.4084]], grad_fn=<AddmmBackward>) tensor([4., 4., 3., 4., 4.])
INFO:root:Epoch: 12 Training Loss: 0.6337372405542231
INFO:root:Main loss: None, Rec loss: None, Conf loss: tensor(0.1389, grad_fn=<MseLossBackward>)
INFO:root:MainTask: None tensor([[13.3805,  6.8104,  3.2727],
        [12.2542,  5.7414,  2.6633],
        [18.5668, 11.4822,  4.9297],
        [10.3926,  3.4016,  3.3548],
        [13.2752,  5.0730,  2.4524]])
INFO:root:Recommendation: None tensor([8., 6., 4., 5., 6.])
INFO:root:Confidence: tensor([[3.4484],
        [3.3748],
        [3.6928],
        [3.8699],
        [3.3720]], grad_fn=<AddmmBackward>) tensor([4., 3., 4., 4., 3.])
INFO:root:Epoch: 13 Training Loss: 0.6133522761578045
INFO:root:Main loss: None, Rec loss: None, Conf loss: tensor(0.2218, grad_fn=<MseLossBackward>)
INFO:root:MainTask: None tensor([[29.9071, 11.7034,  4.4317],
        [18.1564, 13.9886,  4.9592],
        [ 7.1738,  8.4991,  1.5052],
        [25.4790,  9.0297,  4.6808],
        [24.3745, 18.6262,  4.9083]])
INFO:root:Recommendation: None tensor([3., 5., 4., 5., 3.])
INFO:root:Confidence: tensor([[4.1378],
        [3.8745],
        [3.5299],
        [3.6504],
        [3.9181]], grad_fn=<AddmmBackward>) tensor([5., 4., 4., 4., 4.])
INFO:root:Epoch: 14 Training Loss: 0.5850591491959432
INFO:root:Main loss: None, Rec loss: None, Conf loss: tensor(0.7238, grad_fn=<MseLossBackward>)
INFO:root:MainTask: None tensor([[48.1775, 22.1772,  6.9017],
        [16.9370,  5.4179,  3.2486],
        [12.2542,  5.7414,  2.6633],
        [ 6.6742,  2.9976,  2.8448],
        [ 6.6742,  2.9976,  2.8448]])
INFO:root:Recommendation: None tensor([5., 6., 7., 4., 5.])
INFO:root:Confidence: tensor([[3.6357],
        [3.9508],
        [3.8434],
        [3.5298],
        [3.0925]], grad_fn=<AddmmBackward>) tensor([2., 4., 3., 4., 3.])
INFO:root:Epoch: 15 Training Loss: 0.5915972997854951
INFO:root:Main loss: None, Rec loss: None, Conf loss: tensor(0.7698, grad_fn=<MseLossBackward>)
INFO:root:MainTask: None tensor([[ 6.1619,  3.0107,  1.1125],
        [21.9962, 15.1427,  4.1186],
        [71.9211, 52.9661, 13.7477],
        [10.2067,  2.7849,  1.6006],
        [53.3409, 18.3141,  8.3183]])
INFO:root:Recommendation: None tensor([4., 7., 8., 5., 6.])
INFO:root:Confidence: tensor([[4.0828],
        [4.4079],
        [3.8770],
        [3.5010],
        [3.7572]], grad_fn=<AddmmBackward>) tensor([5., 4., 4., 2., 3.])
INFO:root:Epoch: 16 Training Loss: 0.558578180969587
INFO:root:Main loss: None, Rec loss: None, Conf loss: tensor(0.3542, grad_fn=<MseLossBackward>)
INFO:root:MainTask: None tensor([[15.3233,  5.7144,  3.2459],
        [ 7.3872,  4.7849,  1.7876],
        [23.5323, 10.3778,  5.3949],
        [14.7067,  2.0288,  2.6619],
        [12.8335,  8.2192,  2.8872]])
INFO:root:Recommendation: None tensor([2., 5., 6., 7., 5.])
INFO:root:Confidence: tensor([[4.1744],
        [3.2921],
        [3.7206],
        [3.5554],
        [3.8735]], grad_fn=<AddmmBackward>) tensor([4., 3., 4., 3., 5.])
INFO:root:Epoch: 17 Training Loss: 0.5696218014588977
INFO:root:Main loss: None, Rec loss: None, Conf loss: tensor(0.3542, grad_fn=<MseLossBackward>)
INFO:root:MainTask: None tensor([[ 3.7179,  3.3928,  0.7708],
        [16.9370,  5.4179,  3.2486],
        [21.7875, 14.7540,  5.7407],
        [15.8735,  6.6956,  2.9065],
        [10.1650,  4.2343,  3.1615]])
INFO:root:Recommendation: None tensor([7., 8., 5., 6., 7.])
INFO:root:Confidence: tensor([[3.8561],
        [4.0312],
        [3.7444],
        [3.8527],
        [3.8892]], grad_fn=<AddmmBackward>) tensor([3., 5., 4., 4., 4.])
INFO:root:Epoch: 18 Training Loss: 0.5210732667606293
INFO:root:Main loss: None, Rec loss: None, Conf loss: tensor(0.8540, grad_fn=<MseLossBackward>)
INFO:root:MainTask: None tensor([[24.3745, 18.6262,  4.9083],
        [48.5368, 23.7970,  9.0490],
        [17.4590,  8.1828,  2.5790],
        [ 4.0803,  2.1059,  1.1695],
        [63.1268, 74.0869, 16.7841]])
INFO:root:Recommendation: None tensor([3., 7., 6., 4., 4.])
INFO:root:Confidence: tensor([[4.5597],
        [4.3953],
        [2.8937],
        [3.5698],
        [4.3855]], grad_fn=<AddmmBackward>) tensor([5., 4., 1., 4., 4.])
INFO:root:Epoch: 19 Training Loss: 0.5288241656388768
INFO:root:Main loss: None, Rec loss: None, Conf loss: tensor(0.5041, grad_fn=<MseLossBackward>)
INFO:root:MainTask: None tensor([[80.0657, 43.4417,  8.0011],
        [ 6.6742,  2.9976,  2.8448],
        [24.4221,  7.9982,  3.8679],
        [40.9921, 11.0994,  7.4098],
        [10.1935,  3.4185,  1.5888]])
INFO:root:Recommendation: None tensor([5., 5., 7., 6., 7.])
INFO:root:Confidence: tensor([[3.7089],
        [4.1646],
        [3.8582],
        [2.4133],
        [3.5107]], grad_fn=<AddmmBackward>) tensor([3., 5., 3., 3., 4.])
INFO:root:Epoch: 20 Training Loss: 0.5484455286053079
INFO:root:Main loss: None, Rec loss: None, Conf loss: tensor(0.3970, grad_fn=<MseLossBackward>)
INFO:root:MainTask: None tensor([[24.5334, 15.0559,  4.5027],
        [53.3409, 18.3141,  8.3183],
        [36.5949,  9.5988,  5.6509],
        [ 4.6900,  3.5106,  1.2643],
        [ 4.3133,  1.6468,  1.1062]])
INFO:root:Recommendation: None tensor([8., 5., 6., 5., 7.])
INFO:root:Confidence: tensor([[4.0289],
        [4.4041],
        [3.6082],
        [3.5951],
        [4.1978]], grad_fn=<AddmmBackward>) tensor([3., 4., 3., 3., 4.])
INFO:root:Epoch: 21 Training Loss: 0.5091112699266781
INFO:root:Main loss: None, Rec loss: None, Conf loss: tensor(0.6354, grad_fn=<MseLossBackward>)
INFO:root:MainTask: None tensor([[ 6.6687,  5.4371,  1.8558],
        [24.9674,  5.2284,  2.9314],
        [16.7363,  7.5426,  3.5183],
        [24.8250, 13.1009,  4.4695],
        [49.4896, 52.1167,  8.2979]])
INFO:root:Recommendation: None tensor([8., 5., 4., 5., 7.])
INFO:root:Confidence: tensor([[4.1437],
        [3.3374],
        [3.6222],
        [3.2851],
        [2.4453]], grad_fn=<AddmmBackward>) tensor([4., 4., 5., 4., 3.])
INFO:root:Epoch: 22 Training Loss: 0.4822627863849299
INFO:root:Main loss: None, Rec loss: None, Conf loss: tensor(0.6788, grad_fn=<MseLossBackward>)
INFO:root:MainTask: None tensor([[14.3178,  5.6272,  3.0299],
        [13.6102,  4.3192,  2.6794],
        [ 7.3872,  4.7849,  1.7876],
        [49.9128, 24.1964,  5.2777],
        [35.6361, 19.8936,  5.6581]])
INFO:root:Recommendation: None tensor([7., 4., 4., 4., 6.])
INFO:root:Confidence: tensor([[2.7222],
        [5.2674],
        [4.2793],
        [4.0631],
        [3.5239]], grad_fn=<AddmmBackward>) tensor([1., 5., 4., 4., 3.])
INFO:root:Epoch: 23 Training Loss: 0.4808805380687324
INFO:root:Main loss: None, Rec loss: None, Conf loss: tensor(0.1658, grad_fn=<MseLossBackward>)
INFO:root:MainTask: None tensor([[14.5759,  6.6687,  3.7078],
        [10.3926,  3.4016,  3.3548],
        [10.3926,  3.4016,  3.3548],
        [ 9.3257,  8.4940,  2.6228],
        [35.6361, 19.8936,  5.6581]])
INFO:root:Recommendation: None tensor([6., 3., 7., 8., 4.])
INFO:root:Confidence: tensor([[4.2406],
        [4.4049],
        [4.2426],
        [4.4373],
        [4.4024]], grad_fn=<AddmmBackward>) tensor([4., 4., 4., 4., 5.])
INFO:root:Epoch: 24 Training Loss: 0.4698047902424745
INFO:root:Main loss: None, Rec loss: None, Conf loss: tensor(0.2475, grad_fn=<MseLossBackward>)
INFO:root:MainTask: None tensor([[12.7884,  2.6027,  2.6180],
        [14.4201,  1.2237,  3.8144],
        [11.1065, 10.1010,  2.0298],
        [71.9211, 52.9661, 13.7477],
        [12.4864,  9.8673,  2.3680]])
INFO:root:Recommendation: None tensor([6., 7., 6., 7., 6.])
INFO:root:Confidence: tensor([[3.7164],
        [4.4549],
        [4.1799],
        [3.6273],
        [3.4119]], grad_fn=<AddmmBackward>) tensor([3., 4., 4., 4., 4.])
INFO:root:Epoch: 25 Training Loss: 0.46211084430918636
INFO:root:Main loss: None, Rec loss: None, Conf loss: tensor(0.3128, grad_fn=<MseLossBackward>)
INFO:root:MainTask: None tensor([[71.9211, 52.9661, 13.7477],
        [27.2916, 11.4549,  5.1661],
        [10.3652, 12.3417,  1.9758],
        [10.2067,  2.7849,  1.6006],
        [ 7.4646,  2.3431,  1.8030]])
INFO:root:Recommendation: None tensor([6., 2., 9., 4., 4.])
INFO:root:Confidence: tensor([[3.3964],
        [4.6106],
        [4.0077],
        [3.8284],
        [4.1407]], grad_fn=<AddmmBackward>) tensor([3., 4., 5., 4., 4.])
INFO:root:Epoch: 26 Training Loss: 0.4625886563325192
INFO:root:Main loss: None, Rec loss: None, Conf loss: tensor(0.0725, grad_fn=<MseLossBackward>)
INFO:root:MainTask: None tensor([[23.2097, 17.4535,  2.9758],
        [24.5334, 15.0559,  4.5027],
        [47.4320, 28.7205,  6.6485],
        [71.9211, 52.9661, 13.7477],
        [60.9230, 37.6519,  7.8713]])
INFO:root:Recommendation: None tensor([3., 3., 5., 6., 5.])
INFO:root:Confidence: tensor([[5.3786],
        [3.5629],
        [4.1446],
        [2.9170],
        [3.9882]], grad_fn=<AddmmBackward>) tensor([5., 4., 4., 3., 4.])
INFO:root:Epoch: 27 Training Loss: 0.43308299905788206
INFO:root:Main loss: None, Rec loss: None, Conf loss: tensor(0.3333, grad_fn=<MseLossBackward>)
INFO:root:MainTask: None tensor([[29.5885, 13.8598,  4.8654],
        [16.9370,  5.4179,  3.2486],
        [23.7962,  5.6395,  3.3616],
        [47.4320, 28.7205,  6.6485],
        [95.9064, 36.1180, 11.2656]])
INFO:root:Recommendation: None tensor([5., 4., 5., 7., 4.])
INFO:root:Confidence: tensor([[3.7776],
        [4.1827],
        [3.8830],
        [4.0500],
        [3.8178]], grad_fn=<AddmmBackward>) tensor([4., 5., 4., 5., 4.])
INFO:root:Epoch: 28 Training Loss: 0.4317408496735829
INFO:root:Main loss: None, Rec loss: None, Conf loss: tensor(0.3572, grad_fn=<MseLossBackward>)
INFO:root:MainTask: None tensor([[33.3385,  9.7916,  6.8139],
        [15.9647,  5.7560,  3.1358],
        [75.1085, 44.9117,  8.9623],
        [28.6342,  4.5644,  3.2938],
        [28.2960, 19.6976,  5.6146]])
INFO:root:Recommendation: None tensor([5., 3., 6., 5., 3.])
INFO:root:Confidence: tensor([[3.7996],
        [4.8652],
        [3.0945],
        [3.6801],
        [4.3460]], grad_fn=<AddmmBackward>) tensor([4., 5., 2., 4., 5.])
INFO:root:Epoch: 29 Training Loss: 0.4210147379053927
INFO:root:Main loss: None, Rec loss: None, Conf loss: tensor(0.2325, grad_fn=<MseLossBackward>)
INFO:root:MainTask: None tensor([[27.8851, 13.8142,  4.3753],
        [31.6526,  9.0506,  5.1960],
        [63.6457, 53.5872,  9.1941],
        [34.4253, 12.6774,  5.0735],
        [12.0266,  5.6411,  2.9237]])
INFO:root:Recommendation: None tensor([4., 6., 7., 5., 7.])
INFO:root:Confidence: tensor([[3.5242],
        [3.6208],
        [3.6933],
        [3.4247],
        [3.3545]], grad_fn=<AddmmBackward>) tensor([4., 3., 4., 4., 3.])
INFO:root:Epoch: 30 Training Loss: 0.4046255655308097
INFO:root:Main loss: None, Rec loss: None, Conf loss: tensor(0.0845, grad_fn=<MseLossBackward>)
INFO:root:MainTask: None tensor([[68.7901, 43.5568, 11.1240],
        [74.1893, 23.0910,  8.7777],
        [14.5417,  5.2180,  2.3357],
        [13.6102,  4.3192,  2.6794],
        [36.2455, 21.2498,  4.4355]])
INFO:root:Recommendation: None tensor([4., 7., 4., 3., 7.])
INFO:root:Confidence: tensor([[4.0238],
        [3.8459],
        [4.5687],
        [3.8262],
        [3.7884]], grad_fn=<AddmmBackward>) tensor([4., 4., 4., 4., 4.])
INFO:root:Epoch: 31 Training Loss: 0.39627933956249267
INFO:root:Main loss: None, Rec loss: None, Conf loss: tensor(0.0958, grad_fn=<MseLossBackward>)
INFO:root:MainTask: None tensor([[25.3212,  9.1192,  4.4777],
        [31.6526,  9.0506,  5.1960],
        [36.1308, 14.4434,  5.1477],
        [17.9745, 14.2414,  2.6552],
        [12.9366, 10.2498,  3.1065]])
INFO:root:Recommendation: None tensor([4., 4., 6., 7., 8.])
INFO:root:Confidence: tensor([[3.5696],
        [4.7867],
        [3.2818],
        [4.4061],
        [4.0646]], grad_fn=<AddmmBackward>) tensor([4., 5., 3., 4., 4.])
INFO:root:Epoch: 32 Training Loss: 0.39147385831024506
INFO:root:Main loss: None, Rec loss: None, Conf loss: tensor(0.4491, grad_fn=<MseLossBackward>)
INFO:root:MainTask: None tensor([[19.7065, 15.6033,  2.2174],
        [14.3178,  5.6272,  3.0299],
        [16.6529, 12.3539,  3.8160],
        [24.8250, 13.1009,  4.4695],
        [24.9674,  5.2284,  2.9314]])
INFO:root:Recommendation: None tensor([6., 4., 3., 6., 4.])
INFO:root:Confidence: tensor([[3.5358],
        [3.6565],
        [4.2581],
        [4.2755],
        [3.1046]], grad_fn=<AddmmBackward>) tensor([3., 5., 4., 4., 3.])
INFO:root:Epoch: 33 Training Loss: 0.3692285808582385
INFO:root:Main loss: None, Rec loss: None, Conf loss: tensor(0.0222, grad_fn=<MseLossBackward>)
INFO:root:MainTask: None tensor([[15.5092,  6.7166,  4.0004],
        [29.5885, 13.8598,  4.8654],
        [16.7276,  4.4157,  3.5758],
        [ 9.3257,  8.4940,  2.6228],
        [12.8335,  8.2192,  2.8872]])
INFO:root:Recommendation: None tensor([5., 5., 6., 7., 7.])
INFO:root:Confidence: tensor([[3.2951],
        [3.8999],
        [3.9815],
        [3.9277],
        [3.0923]], grad_fn=<AddmmBackward>) tensor([3., 4., 4., 4., 3.])
INFO:root:Epoch: 34 Training Loss: 0.3573314958765401
INFO:root:Main loss: None, Rec loss: None, Conf loss: tensor(0.4725, grad_fn=<MseLossBackward>)
INFO:root:MainTask: None tensor([[ 9.8131,  4.2269,  2.4868],
        [16.7276,  4.4157,  3.5758],
        [29.5885, 13.8598,  4.8654],
        [22.4092,  8.3058,  4.5862],
        [19.7848, 11.2072,  3.5952]])
INFO:root:Recommendation: None tensor([3., 4., 3., 3., 3.])
INFO:root:Confidence: tensor([[2.7173],
        [2.8134],
        [3.6303],
        [4.5057],
        [3.5383]], grad_fn=<AddmmBackward>) tensor([4., 3., 4., 4., 3.])
INFO:root:Epoch: 35 Training Loss: 0.3488370428620283
INFO:root:Main loss: None, Rec loss: None, Conf loss: tensor(0.3167, grad_fn=<MseLossBackward>)
INFO:root:MainTask: None tensor([[24.9674,  5.2284,  2.9314],
        [28.4613, 23.6031,  4.4698],
        [10.2067,  2.7849,  1.6006],
        [54.4855, 30.9072,  8.6283],
        [15.7818, 12.6522,  2.7067]])
INFO:root:Recommendation: None tensor([6., 6., 7., 7., 5.])
INFO:root:Confidence: tensor([[3.4544],
        [4.4628],
        [3.6135],
        [2.8411],
        [3.5187]], grad_fn=<AddmmBackward>) tensor([3., 5., 4., 2., 4.])
INFO:root:Epoch: 36 Training Loss: 0.35700997829932585
INFO:root:Main loss: None, Rec loss: None, Conf loss: tensor(0.3515, grad_fn=<MseLossBackward>)
INFO:root:MainTask: None tensor([[36.2455, 21.2498,  4.4355],
        [14.3178,  5.6272,  3.0299],
        [40.5693, 11.6593,  6.9179],
        [80.0657, 43.4417,  8.0011],
        [68.7901, 43.5568, 11.1240]])
INFO:root:Recommendation: None tensor([2., 4., 5., 4., 5.])
INFO:root:Confidence: tensor([[4.3413],
        [3.7178],
        [2.7086],
        [3.5396],
        [3.7278]], grad_fn=<AddmmBackward>) tensor([5., 4., 2., 4., 3.])
INFO:root:Epoch: 37 Training Loss: 0.3265014923696207
INFO:root:Main loss: None, Rec loss: None, Conf loss: tensor(0.5816, grad_fn=<MseLossBackward>)
INFO:root:MainTask: None tensor([[25.9751,  5.2679,  4.0143],
        [31.9196, 10.6526,  4.4337],
        [23.6142,  7.2447,  3.5210],
        [18.1844, 17.6062,  4.1821],
        [49.3045, 19.8194,  7.2173]])
INFO:root:Recommendation: None tensor([4., 6., 5., 5., 3.])
INFO:root:Confidence: tensor([[2.7290],
        [4.5521],
        [4.8376],
        [3.8226],
        [4.1883]], grad_fn=<AddmmBackward>) tensor([2., 4., 5., 5., 5.])
INFO:root:Epoch: 38 Training Loss: 0.3092200270340548
INFO:root:Main loss: None, Rec loss: None, Conf loss: tensor(0.4178, grad_fn=<MseLossBackward>)
INFO:root:MainTask: None tensor([[14.5759,  6.6687,  3.7078],
        [28.0087, 13.1430,  3.5261],
        [12.7884,  2.6027,  2.6180],
        [24.3745, 18.6262,  4.9083],
        [45.3599, 26.5866,  7.4655]])
INFO:root:Recommendation: None tensor([2., 7., 6., 4., 3.])
INFO:root:Confidence: tensor([[4.3457],
        [3.7339],
        [3.3086],
        [4.0431],
        [4.2893]], grad_fn=<AddmmBackward>) tensor([4., 4., 4., 5., 5.])
INFO:root:Epoch: 39 Training Loss: 0.35773896748958534
INFO:root:Main loss: None, Rec loss: None, Conf loss: tensor(0.2274, grad_fn=<MseLossBackward>)
INFO:root:MainTask: None tensor([[25.8558,  7.2015,  3.4304],
        [13.9781,  8.7112,  2.0757],
        [ 8.7367,  1.6316,  1.9788],
        [48.1775, 22.1772,  6.9017],
        [12.7884,  2.6027,  2.6180]])
INFO:root:Recommendation: None tensor([8., 3., 4., 4., 2.])
INFO:root:Confidence: tensor([[3.4858],
        [3.8758],
        [4.3860],
        [4.4220],
        [4.5820]], grad_fn=<AddmmBackward>) tensor([3., 4., 5., 5., 5.])
INFO:root:Epoch: 40 Training Loss: 0.37291045076216356
INFO:root:Main loss: None, Rec loss: None, Conf loss: tensor(0.1378, grad_fn=<MseLossBackward>)
INFO:root:MainTask: None tensor([[29.3562, 23.6023,  5.4987],
        [12.8335,  8.2192,  2.8872],
        [13.9781,  8.7112,  2.0757],
        [25.0957, 22.5695,  3.4030],
        [17.5591,  7.0799,  3.2752]])
INFO:root:Recommendation: None tensor([4., 7., 4., 4., 5.])
INFO:root:Confidence: tensor([[5.1265],
        [3.3436],
        [3.6357],
        [3.3057],
        [4.1259]], grad_fn=<AddmmBackward>) tensor([5., 4., 4., 3., 4.])
INFO:root:Epoch: 41 Training Loss: 0.319056908654209
INFO:root:Main loss: None, Rec loss: None, Conf loss: tensor(0.7119, grad_fn=<MseLossBackward>)
INFO:root:MainTask: None tensor([[25.8558,  7.2015,  3.4304],
        [27.8851, 13.8142,  4.3753],
        [ 7.4621,  6.5089,  1.9046],
        [ 6.0793,  2.9132,  2.2365],
        [54.8129, 23.6282,  7.0452]])
INFO:root:Recommendation: None tensor([5., 8., 6., 8., 5.])
INFO:root:Confidence: tensor([[4.4861],
        [3.8597],
        [4.3661],
        [3.5727],
        [4.1249]], grad_fn=<AddmmBackward>) tensor([5., 5., 5., 3., 3.])
INFO:root:Epoch: 42 Training Loss: 0.2989794742986766
INFO:root:Main loss: None, Rec loss: None, Conf loss: tensor(0.3441, grad_fn=<MseLossBackward>)
INFO:root:MainTask: None tensor([[23.9109, 15.8200,  4.0979],
        [28.2960, 19.6976,  5.6146],
        [10.6619,  8.6782,  2.1367],
        [10.7152,  9.2563,  2.5724],
        [63.6457, 53.5872,  9.1941]])
INFO:root:Recommendation: None tensor([6., 8., 6., 4., 7.])
INFO:root:Confidence: tensor([[3.9830],
        [4.0097],
        [2.9194],
        [4.5457],
        [4.2645]], grad_fn=<AddmmBackward>) tensor([3., 4., 3., 5., 5.])
INFO:root:Epoch: 43 Training Loss: 0.27435143555094
INFO:root:Main loss: None, Rec loss: None, Conf loss: tensor(0.3917, grad_fn=<MseLossBackward>)
INFO:root:MainTask: None tensor([[27.6685, 22.7026,  3.8957],
        [27.8851, 13.8142,  4.3753],
        [29.3562, 23.6023,  5.4987],
        [14.4201,  1.2237,  3.8144],
        [18.2683, 18.5450,  3.2729]])
INFO:root:Recommendation: None tensor([6., 5., 4., 6., 7.])
INFO:root:Confidence: tensor([[2.8983],
        [2.9311],
        [3.6268],
        [3.7015],
        [3.4173]], grad_fn=<AddmmBackward>) tensor([3., 4., 4., 3., 3.])
INFO:root:Epoch: 44 Training Loss: 0.25907278001060774
INFO:root:Main loss: None, Rec loss: None, Conf loss: tensor(0.2570, grad_fn=<MseLossBackward>)
INFO:root:MainTask: None tensor([[34.5111,  8.6560,  5.2222],
        [27.3296,  9.5893,  3.0852],
        [24.0855, 22.7286,  7.1600],
        [14.4975,  5.6358,  2.7765],
        [ 6.6742,  2.9976,  2.8448]])
INFO:root:Recommendation: None tensor([3., 4., 3., 7., 5.])
INFO:root:Confidence: tensor([[4.3237],
        [3.7150],
        [4.3201],
        [1.4672],
        [3.0233]], grad_fn=<AddmmBackward>) tensor([5., 4., 5., 2., 3.])
INFO:root:Epoch: 45 Training Loss: 0.23372149511325557
INFO:root:Main loss: None, Rec loss: None, Conf loss: tensor(0.1408, grad_fn=<MseLossBackward>)
INFO:root:MainTask: None tensor([[63.6725, 40.6070,  7.3052],
        [22.8562, 21.8091,  3.3698],
        [12.0266,  5.6411,  2.9237],
        [12.6459,  3.5003,  3.1008],
        [29.3562, 23.6023,  5.4987]])
INFO:root:Recommendation: None tensor([7., 5., 8., 4., 7.])
INFO:root:Confidence: tensor([[2.1902],
        [4.4468],
        [3.3030],
        [4.3141],
        [3.4730]], grad_fn=<AddmmBackward>) tensor([2., 4., 3., 4., 4.])
INFO:root:Epoch: 46 Training Loss: 0.22395835923149646
INFO:root:Main loss: None, Rec loss: None, Conf loss: tensor(0.1406, grad_fn=<MseLossBackward>)
INFO:root:MainTask: None tensor([[16.0872, 14.0108,  4.6053],
        [ 8.0204,  5.9640,  2.1162],
        [24.8250, 13.1009,  4.4695],
        [48.2166, 17.4894,  6.3498],
        [13.9911,  6.8632,  4.0387]])
INFO:root:Recommendation: None tensor([3., 6., 8., 4., 7.])
INFO:root:Confidence: tensor([[4.5737],
        [4.1915],
        [4.1521],
        [3.8505],
        [3.5403]], grad_fn=<AddmmBackward>) tensor([4., 4., 4., 4., 3.])
INFO:root:Epoch: 47 Training Loss: 0.22739247985473135
INFO:root:Main loss: None, Rec loss: None, Conf loss: tensor(0.3401, grad_fn=<MseLossBackward>)
INFO:root:MainTask: None tensor([[48.5368, 23.7970,  9.0490],
        [17.6137,  9.3926,  4.6018],
        [ 4.4866,  4.8789,  1.1792],
        [51.0410, 30.6457,  6.7654],
        [29.5885, 13.8598,  4.8654]])
INFO:root:Recommendation: None tensor([4., 4., 6., 2., 6.])
INFO:root:Confidence: tensor([[4.9830],
        [3.9341],
        [3.2821],
        [4.5927],
        [2.4357]], grad_fn=<AddmmBackward>) tensor([5., 5., 3., 5., 3.])
INFO:root:Epoch: 48 Training Loss: 0.19072889332295784
INFO:root:Main loss: None, Rec loss: None, Conf loss: tensor(0.0344, grad_fn=<MseLossBackward>)
INFO:root:MainTask: None tensor([[25.0957, 22.5695,  3.4030],
        [18.8992,  8.1618,  3.0427],
        [61.0655, 31.4123,  7.0863],
        [ 7.8029,  2.7889,  1.7963],
        [ 4.6900,  3.5106,  1.2643]])
INFO:root:Recommendation: None tensor([4., 3., 6., 5., 6.])
INFO:root:Confidence: tensor([[4.0985],
        [4.7962],
        [3.8621],
        [2.2854],
        [2.8584]], grad_fn=<AddmmBackward>) tensor([4., 5., 4., 2., 3.])
INFO:root:Epoch: 49 Training Loss: 0.17978117688767964
