INFO:root:Main loss: None, Rec loss: tensor(2.7034, grad_fn=<MseLossBackward>), Conf loss: None
INFO:root:MainTask: None tensor([[54.8264, 33.9432,  8.2390],
        [ 6.8392,  3.9842,  1.4946],
        [16.7276,  4.4157,  3.5758],
        [10.3086,  5.8392,  2.8328],
        [73.3060, 26.2406,  9.1942]])
INFO:root:Recommendation: tensor([[5.0263],
        [5.2004],
        [5.1403],
        [5.1096],
        [5.0884]], grad_fn=<AddmmBackward>) tensor([5., 3., 6., 7., 3.])
INFO:root:Confidence: None tensor([3., 3., 4., 3., 5.])
INFO:root:Epoch: 0 Training Loss: 3.573119583635119
INFO:root:Main loss: None, Rec loss: tensor(4.6452, grad_fn=<MseLossBackward>), Conf loss: None
INFO:root:MainTask: None tensor([[44.6789,  8.4054,  4.6420],
        [15.3233,  5.7144,  3.2459],
        [ 5.5975,  1.7869,  1.0496],
        [23.7962,  5.6395,  3.3616],
        [ 3.5877,  0.9455,  0.8637]])
INFO:root:Recommendation: tensor([[6.7684],
        [6.5175],
        [6.5751],
        [6.6627],
        [7.1119]], grad_fn=<AddmmBackward>) tensor([7., 6., 3., 6., 4.])
INFO:root:Confidence: None tensor([3., 2., 5., 4., 3.])
INFO:root:Epoch: 1 Training Loss: 2.426451417878064
INFO:root:Main loss: None, Rec loss: tensor(2.0580, grad_fn=<MseLossBackward>), Conf loss: None
INFO:root:MainTask: None tensor([[19.7065, 15.6033,  2.2174],
        [ 8.7367,  1.6316,  1.9788],
        [22.6449, 10.6143,  5.2232],
        [16.6427,  7.7063,  3.4044],
        [40.5693, 11.6593,  6.9179]])
INFO:root:Recommendation: tensor([[4.3414],
        [4.0461],
        [6.0546],
        [6.2776],
        [4.9870]], grad_fn=<AddmmBackward>) tensor([4., 4., 9., 7., 4.])
INFO:root:Confidence: None tensor([5., 4., 4., 4., 4.])
INFO:root:Epoch: 2 Training Loss: 2.054912666369673
INFO:root:Main loss: None, Rec loss: tensor(1.9273, grad_fn=<MseLossBackward>), Conf loss: None
INFO:root:MainTask: None tensor([[34.5111,  8.6560,  5.2222],
        [ 4.0803,  2.1059,  1.1695],
        [ 1.8635,  1.8124,  1.0590],
        [14.6761, 12.8141,  2.4962],
        [10.1650,  4.2343,  3.1615]])
INFO:root:Recommendation: tensor([[5.1604],
        [5.1754],
        [5.0623],
        [5.6200],
        [5.6704]], grad_fn=<AddmmBackward>) tensor([5., 6., 6., 4., 8.])
INFO:root:Confidence: None tensor([3., 5., 3., 5., 5.])
INFO:root:Epoch: 3 Training Loss: 1.7019393942692933
INFO:root:Main loss: None, Rec loss: tensor(1.1956, grad_fn=<MseLossBackward>), Conf loss: None
INFO:root:MainTask: None tensor([[10.1650,  4.2343,  3.1615],
        [11.8986,  7.2538,  3.2902],
        [14.7067,  2.0288,  2.6619],
        [28.6342,  4.5644,  3.2938],
        [25.2716,  5.5159,  5.2360]])
INFO:root:Recommendation: tensor([[4.9003],
        [5.3649],
        [4.5954],
        [6.2733],
        [7.4448]], grad_fn=<AddmmBackward>) tensor([5., 5., 3., 8., 8.])
INFO:root:Confidence: None tensor([4., 4., 5., 3., 4.])
INFO:root:Epoch: 4 Training Loss: 1.6649338839952306
INFO:root:Main loss: None, Rec loss: tensor(1.7197, grad_fn=<MseLossBackward>), Conf loss: None
INFO:root:MainTask: None tensor([[14.4975,  5.6358,  2.7765],
        [34.4253, 12.6774,  5.0735],
        [24.5334, 15.0559,  4.5027],
        [29.7883, 14.3539,  4.8668],
        [13.4926,  9.3553,  2.6412]])
INFO:root:Recommendation: tensor([[3.7326],
        [5.1267],
        [4.0105],
        [3.7893],
        [4.3795]], grad_fn=<AddmmBackward>) tensor([4., 5., 3., 3., 7.])
INFO:root:Confidence: None tensor([4., 5., 5., 5., 5.])
INFO:root:Epoch: 5 Training Loss: 1.5162681104238673
INFO:root:Main loss: None, Rec loss: tensor(3.3580, grad_fn=<MseLossBackward>), Conf loss: None
INFO:root:MainTask: None tensor([[24.5334, 15.0559,  4.5027],
        [26.4151, 25.0453,  5.5043],
        [10.7152,  9.2563,  2.5724],
        [ 7.4621,  6.5089,  1.9046],
        [ 4.1297,  1.6316,  1.9968]])
INFO:root:Recommendation: tensor([[4.6888],
        [4.8534],
        [5.6872],
        [5.1103],
        [6.8412]], grad_fn=<AddmmBackward>) tensor([3., 6., 6., 3., 4.])
INFO:root:Confidence: None tensor([4., 4., 4., 4., 4.])
INFO:root:Epoch: 6 Training Loss: 1.4289562742218087
INFO:root:Main loss: None, Rec loss: tensor(1.2290, grad_fn=<MseLossBackward>), Conf loss: None
INFO:root:MainTask: None tensor([[49.1200, 14.0647,  5.1937],
        [10.3086,  5.8392,  2.8328],
        [32.6738, 17.8357,  4.5374],
        [53.0912, 23.4016,  9.2846],
        [ 5.1976,  0.9711,  1.1172]])
INFO:root:Recommendation: tensor([[5.7909],
        [5.1149],
        [4.7774],
        [3.8503],
        [4.1527]], grad_fn=<AddmmBackward>) tensor([7., 6., 3., 4., 5.])
INFO:root:Confidence: None tensor([3., 4., 4., 4., 4.])
INFO:root:Epoch: 7 Training Loss: 1.384167250173574
INFO:root:Main loss: None, Rec loss: tensor(1.7241, grad_fn=<MseLossBackward>), Conf loss: None
INFO:root:MainTask: None tensor([[19.8802,  9.8566,  5.5440],
        [60.9230, 37.6519,  7.8713],
        [ 1.8635,  1.8124,  1.0590],
        [ 7.8029,  2.7889,  1.7963],
        [29.3749, 21.1842,  4.3995]])
INFO:root:Recommendation: tensor([[5.2208],
        [5.9952],
        [6.0508],
        [5.3698],
        [5.6666]], grad_fn=<AddmmBackward>) tensor([4., 7., 4., 5., 7.])
INFO:root:Confidence: None tensor([5., 4., 4., 4., 4.])
INFO:root:Epoch: 8 Training Loss: 1.3520183027038284
INFO:root:Main loss: None, Rec loss: tensor(1.4617, grad_fn=<MseLossBackward>), Conf loss: None
INFO:root:MainTask: None tensor([[ 1.6770,  1.6927,  0.4152],
        [16.7363,  7.5426,  3.5183],
        [48.5368, 23.7970,  9.0490],
        [18.5668, 11.4822,  4.9297],
        [13.3805,  6.8104,  3.2727]])
INFO:root:Recommendation: tensor([[6.4907],
        [6.2645],
        [6.6416],
        [5.8596],
        [7.5911]], grad_fn=<AddmmBackward>) tensor([4., 6., 7., 5., 8.])
INFO:root:Confidence: None tensor([4., 3., 4., 4., 5.])
INFO:root:Epoch: 9 Training Loss: 1.304978447194905
INFO:root:Main loss: None, Rec loss: tensor(2.5211, grad_fn=<MseLossBackward>), Conf loss: None
INFO:root:MainTask: None tensor([[34.4253, 12.6774,  5.0735],
        [18.5134, 12.3848,  2.4720],
        [26.6223, 14.2434,  7.7877],
        [22.4600,  9.7842,  3.6649],
        [14.4975,  5.6358,  2.7765]])
INFO:root:Recommendation: tensor([[7.0495],
        [4.2371],
        [5.4586],
        [4.2921],
        [4.8485]], grad_fn=<AddmmBackward>) tensor([8., 7., 7., 3., 5.])
INFO:root:Confidence: None tensor([5., 3., 2., 4., 5.])
INFO:root:Epoch: 10 Training Loss: 1.3128831266035994
INFO:root:Main loss: None, Rec loss: tensor(0.5874, grad_fn=<MseLossBackward>), Conf loss: None
INFO:root:MainTask: None tensor([[22.4276, 17.7902,  5.4023],
        [54.4855, 30.9072,  8.6283],
        [13.4926,  9.3553,  2.6412],
        [51.0306, 27.8650,  7.2597],
        [16.7363,  7.5426,  3.5183]])
INFO:root:Recommendation: tensor([[6.8261],
        [5.1993],
        [6.1918],
        [6.8259],
        [3.8657]], grad_fn=<AddmmBackward>) tensor([7., 4., 6., 6., 3.])
INFO:root:Confidence: None tensor([4., 3., 2., 4., 4.])
INFO:root:Epoch: 11 Training Loss: 1.253006721529439
INFO:root:Main loss: None, Rec loss: tensor(1.1575, grad_fn=<MseLossBackward>), Conf loss: None
INFO:root:MainTask: None tensor([[32.9366, 33.4286,  7.3769],
        [32.9366, 33.4286,  7.3769],
        [ 4.6900,  3.5106,  1.2643],
        [22.8562, 21.8091,  3.3698],
        [17.9745, 14.2414,  2.6552]])
INFO:root:Recommendation: tensor([[5.2905],
        [5.6084],
        [6.0799],
        [4.7953],
        [4.8476]], grad_fn=<AddmmBackward>) tensor([4., 5., 8., 5., 5.])
INFO:root:Confidence: None tensor([4., 5., 4., 4., 3.])
INFO:root:Epoch: 12 Training Loss: 1.2158492600075756
INFO:root:Main loss: None, Rec loss: tensor(1.1264, grad_fn=<MseLossBackward>), Conf loss: None
INFO:root:MainTask: None tensor([[26.6223, 14.2434,  7.7877],
        [15.3233,  5.7144,  3.2459],
        [23.4538, 14.4692,  4.2300],
        [38.7639,  8.5888,  5.3913],
        [49.9128, 24.1964,  5.2777]])
INFO:root:Recommendation: tensor([[6.6084],
        [5.6155],
        [6.0758],
        [4.5191],
        [4.0155]], grad_fn=<AddmmBackward>) tensor([8., 4., 7., 5., 4.])
INFO:root:Confidence: None tensor([5., 4., 4., 3., 4.])
INFO:root:Epoch: 13 Training Loss: 1.1314190276111593
INFO:root:Main loss: None, Rec loss: tensor(0.6584, grad_fn=<MseLossBackward>), Conf loss: None
INFO:root:MainTask: None tensor([[28.2960, 19.6976,  5.6146],
        [31.6526,  9.0506,  5.1960],
        [22.7678, 16.6585,  5.1433],
        [27.8851, 13.8142,  4.3753],
        [ 4.3133,  1.6468,  1.1062]])
INFO:root:Recommendation: tensor([[6.0625],
        [7.5949],
        [6.6332],
        [5.9632],
        [5.3682]], grad_fn=<AddmmBackward>) tensor([6., 7., 7., 5., 4.])
INFO:root:Confidence: None tensor([3., 4., 4., 4., 5.])
INFO:root:Epoch: 14 Training Loss: 1.1328375419999093
INFO:root:Main loss: None, Rec loss: tensor(0.2849, grad_fn=<MseLossBackward>), Conf loss: None
INFO:root:MainTask: None tensor([[53.0912, 23.4016,  9.2846],
        [10.3926,  3.4016,  3.3548],
        [23.2097, 17.4535,  2.9758],
        [ 8.3312,  6.1660,  1.5633],
        [13.9911,  6.8632,  4.0387]])
INFO:root:Recommendation: tensor([[6.4064],
        [4.6927],
        [4.7359],
        [6.6310],
        [7.7574]], grad_fn=<AddmmBackward>) tensor([6., 4., 5., 7., 7.])
INFO:root:Confidence: None tensor([3., 3., 4., 4., 5.])
INFO:root:Epoch: 15 Training Loss: 1.0671137280328782
INFO:root:Main loss: None, Rec loss: tensor(0.1980, grad_fn=<MseLossBackward>), Conf loss: None
INFO:root:MainTask: None tensor([[19.9894, 16.8580,  3.6854],
        [10.3926,  3.4016,  3.3548],
        [ 7.1738,  8.4991,  1.5052],
        [ 9.4324,  3.5864,  2.1750],
        [ 8.7809,  3.4185,  1.5600]])
INFO:root:Recommendation: tensor([[5.6426],
        [5.0269],
        [4.4131],
        [3.3873],
        [7.1742]], grad_fn=<AddmmBackward>) tensor([5., 5., 4., 4., 7.])
INFO:root:Confidence: None tensor([4., 3., 5., 4., 3.])
INFO:root:Epoch: 16 Training Loss: 1.0390469791816543
INFO:root:Main loss: None, Rec loss: tensor(3.5129, grad_fn=<MseLossBackward>), Conf loss: None
INFO:root:MainTask: None tensor([[15.9647,  5.7560,  3.1358],
        [73.3060, 26.2406,  9.1942],
        [54.8264, 33.9432,  8.2390],
        [10.9908,  8.3396,  2.1606],
        [17.4590,  8.1828,  2.5790]])
INFO:root:Recommendation: tensor([[5.3374],
        [7.0315],
        [9.2337],
        [5.8370],
        [6.1673]], grad_fn=<AddmmBackward>) tensor([3., 4., 8., 6., 5.])
INFO:root:Confidence: None tensor([4., 5., 4., 3., 4.])
INFO:root:Epoch: 17 Training Loss: 1.0230972460597505
INFO:root:Main loss: None, Rec loss: tensor(0.6514, grad_fn=<MseLossBackward>), Conf loss: None
INFO:root:MainTask: None tensor([[31.2554, 10.8285,  4.0201],
        [23.6323, 11.6678,  3.0894],
        [15.2915,  9.5302,  3.1257],
        [10.3926,  3.4016,  3.3548],
        [32.6738, 17.8357,  4.5374]])
INFO:root:Recommendation: tensor([[6.0672],
        [7.0151],
        [7.4111],
        [7.3360],
        [7.6912]], grad_fn=<AddmmBackward>) tensor([5., 6., 7., 8., 7.])
INFO:root:Confidence: None tensor([4., 4., 4., 3., 4.])
INFO:root:Epoch: 18 Training Loss: 0.9292735295612726
INFO:root:Main loss: None, Rec loss: tensor(0.2139, grad_fn=<MseLossBackward>), Conf loss: None
INFO:root:MainTask: None tensor([[15.8735,  6.6956,  2.9065],
        [47.4320, 28.7205,  6.6485],
        [18.1844, 17.6062,  4.1821],
        [ 8.5136,  2.6090,  1.5059],
        [68.7901, 43.5568, 11.1240]])
INFO:root:Recommendation: tensor([[4.4966],
        [7.0520],
        [7.2657],
        [6.5933],
        [4.2356]], grad_fn=<AddmmBackward>) tensor([4., 7., 7., 7., 5.])
INFO:root:Confidence: None tensor([4., 4., 4., 4., 5.])
INFO:root:Epoch: 19 Training Loss: 0.8828261879548802
INFO:root:Main loss: None, Rec loss: tensor(0.7028, grad_fn=<MseLossBackward>), Conf loss: None
INFO:root:MainTask: None tensor([[15.7911, 16.2670,  4.0348],
        [ 4.0803,  2.1059,  1.1695],
        [80.2919, 46.2436, 11.1189],
        [12.5856,  4.6608,  2.6923],
        [28.6342,  4.5644,  3.2938]])
INFO:root:Recommendation: tensor([[5.5498],
        [8.0478],
        [5.2010],
        [5.7393],
        [6.6465]], grad_fn=<AddmmBackward>) tensor([5., 7., 4., 5., 7.])
INFO:root:Confidence: None tensor([4., 3., 4., 3., 3.])
INFO:root:Epoch: 20 Training Loss: 0.8329882409805406
INFO:root:Main loss: None, Rec loss: tensor(0.4072, grad_fn=<MseLossBackward>), Conf loss: None
INFO:root:MainTask: None tensor([[49.3045, 19.8194,  7.2173],
        [75.1085, 44.9117,  8.9623],
        [12.2492,  7.9051,  2.6720],
        [13.5118,  6.8438,  2.3099],
        [ 7.4646,  2.3431,  1.8030]])
INFO:root:Recommendation: tensor([[6.0978],
        [4.7172],
        [7.2347],
        [5.6299],
        [5.7182]], grad_fn=<AddmmBackward>) tensor([7., 4., 7., 6., 5.])
INFO:root:Confidence: None tensor([4., 5., 4., 3., 3.])
INFO:root:Epoch: 21 Training Loss: 0.7932499673351687
INFO:root:Main loss: None, Rec loss: tensor(0.3800, grad_fn=<MseLossBackward>), Conf loss: None
INFO:root:MainTask: None tensor([[34.8003, 15.1813,  5.5608],
        [21.8681, 12.6185,  5.1255],
        [61.0655, 31.4123,  7.0863],
        [ 9.3257,  8.4940,  2.6228],
        [38.6440, 17.3807,  6.6376]])
INFO:root:Recommendation: tensor([[6.3688],
        [5.8615],
        [7.1296],
        [6.3486],
        [6.2110]], grad_fn=<AddmmBackward>) tensor([6., 6., 6., 7., 6.])
INFO:root:Confidence: None tensor([3., 4., 5., 1., 5.])
INFO:root:Epoch: 22 Training Loss: 0.7090597253220563
INFO:root:Main loss: None, Rec loss: tensor(0.4111, grad_fn=<MseLossBackward>), Conf loss: None
INFO:root:MainTask: None tensor([[33.3385,  9.7916,  6.8139],
        [ 8.3312,  6.1660,  1.5633],
        [ 4.6900,  3.5106,  1.2643],
        [95.9064, 36.1180, 11.2656],
        [14.6761, 12.8141,  2.4962]])
INFO:root:Recommendation: tensor([[6.8439],
        [5.1475],
        [6.5341],
        [7.0852],
        [5.0145]], grad_fn=<AddmmBackward>) tensor([6., 5., 6., 7., 4.])
INFO:root:Confidence: None tensor([3., 5., 4., 5., 4.])
INFO:root:Epoch: 23 Training Loss: 0.6438105779589048
INFO:root:Main loss: None, Rec loss: tensor(0.4086, grad_fn=<MseLossBackward>), Conf loss: None
INFO:root:MainTask: None tensor([[ 6.8392,  3.9842,  1.4946],
        [49.1200, 14.0647,  5.1937],
        [60.9581, 49.4261,  9.1463],
        [ 7.2775,  3.7375,  3.1737],
        [75.1085, 44.9117,  8.9623]])
INFO:root:Recommendation: tensor([[7.0697],
        [8.0421],
        [6.3640],
        [6.4476],
        [4.5076]], grad_fn=<AddmmBackward>) tensor([7., 7., 7., 7., 5.])
INFO:root:Confidence: None tensor([3., 3., 3., 5., 4.])
INFO:root:Epoch: 24 Training Loss: 0.6169549516528597
INFO:root:Main loss: None, Rec loss: tensor(0.7491, grad_fn=<MseLossBackward>), Conf loss: None
INFO:root:MainTask: None tensor([[10.7152,  9.2563,  2.5724],
        [32.8230, 18.8327,  6.0963],
        [27.8851, 13.8142,  4.3753],
        [22.7678, 16.6585,  5.1433],
        [15.8735,  6.6956,  2.9065]])
INFO:root:Recommendation: tensor([[5.6939],
        [5.0174],
        [4.0480],
        [7.1364],
        [6.6079]], grad_fn=<AddmmBackward>) tensor([6., 6., 4., 8., 8.])
INFO:root:Confidence: None tensor([3., 5., 3., 3., 3.])
INFO:root:Epoch: 25 Training Loss: 0.5966387041883126
INFO:root:Main loss: None, Rec loss: tensor(0.2326, grad_fn=<MseLossBackward>), Conf loss: None
INFO:root:MainTask: None tensor([[ 0.7290,  0.0808,  0.5195],
        [22.4092,  8.3058,  4.5862],
        [51.7441, 26.9832,  6.1789],
        [ 7.8029,  2.7889,  1.7963],
        [ 3.2471,  1.4352,  1.9337]])
INFO:root:Recommendation: tensor([[4.9825],
        [3.2631],
        [5.1176],
        [4.5699],
        [4.6398]], grad_fn=<AddmmBackward>) tensor([5., 3., 6., 5., 5.])
INFO:root:Confidence: None tensor([3., 4., 2., 4., 4.])
INFO:root:Epoch: 26 Training Loss: 0.5124561131268822
INFO:root:Main loss: None, Rec loss: tensor(0.0550, grad_fn=<MseLossBackward>), Conf loss: None
INFO:root:MainTask: None tensor([[16.7276,  4.4157,  3.5758],
        [ 7.7852,  8.7006,  2.9032],
        [10.3086,  5.8392,  2.8328],
        [14.4975,  5.6358,  2.7765],
        [ 7.7852,  8.7006,  2.9032]])
INFO:root:Recommendation: tensor([[4.1447],
        [6.2199],
        [4.4218],
        [4.0524],
        [4.8417]], grad_fn=<AddmmBackward>) tensor([4., 6., 4., 4., 5.])
INFO:root:Confidence: None tensor([3., 4., 5., 4., 4.])
INFO:root:Epoch: 27 Training Loss: 0.43859664037039403
INFO:root:Main loss: None, Rec loss: tensor(0.4276, grad_fn=<MseLossBackward>), Conf loss: None
INFO:root:MainTask: None tensor([[12.5856,  4.6608,  2.6923],
        [ 4.4866,  4.8789,  1.1792],
        [24.4221,  7.9982,  3.8679],
        [ 9.4229,  1.2237,  1.9124],
        [13.2752,  5.0730,  2.4524]])
INFO:root:Recommendation: tensor([[4.8337],
        [6.4218],
        [6.3659],
        [5.3778],
        [4.7509]], grad_fn=<AddmmBackward>) tensor([4., 7., 7., 5., 4.])
INFO:root:Confidence: None tensor([5., 4., 3., 4., 3.])
INFO:root:Epoch: 28 Training Loss: 0.3881127444557701
INFO:root:Main loss: None, Rec loss: tensor(0.3116, grad_fn=<MseLossBackward>), Conf loss: None
INFO:root:MainTask: None tensor([[ 3.5877,  0.9455,  0.8637],
        [51.0410, 30.6457,  6.7654],
        [53.1250, 28.1758,  8.7241],
        [60.7843, 15.9666,  6.7882],
        [37.2878, 19.9254,  6.9359]])
INFO:root:Recommendation: tensor([[5.1045],
        [3.1278],
        [5.4119],
        [5.8731],
        [3.6145]], grad_fn=<AddmmBackward>) tensor([6., 3., 6., 6., 3.])
INFO:root:Confidence: None tensor([4., 4., 4., 3., 4.])
INFO:root:Epoch: 29 Training Loss: 0.3456441012838045
INFO:root:Main loss: None, Rec loss: tensor(0.3004, grad_fn=<MseLossBackward>), Conf loss: None
INFO:root:MainTask: None tensor([[33.9734, 21.4409,  5.4066],
        [22.7678, 16.6585,  5.1433],
        [ 5.7234,  4.2298,  1.4557],
        [ 4.1297,  1.6316,  1.9968],
        [28.6342,  4.5644,  3.2938]])
INFO:root:Recommendation: tensor([[7.0688],
        [6.1858],
        [6.3488],
        [5.4817],
        [5.5417]], grad_fn=<AddmmBackward>) tensor([8., 6., 6., 6., 6.])
INFO:root:Confidence: None tensor([4., 3., 4., 3., 4.])
INFO:root:Epoch: 30 Training Loss: 0.34099275952623
INFO:root:Main loss: None, Rec loss: tensor(0.5863, grad_fn=<MseLossBackward>), Conf loss: None
INFO:root:MainTask: None tensor([[33.9734, 21.4409,  5.4066],
        [68.7901, 43.5568, 11.1240],
        [33.3385,  9.7916,  6.8139],
        [16.7276,  4.4157,  3.5758],
        [33.3385,  9.7916,  6.8139]])
INFO:root:Recommendation: tensor([[5.5140],
        [6.1473],
        [7.1169],
        [5.1625],
        [5.8613]], grad_fn=<AddmmBackward>) tensor([6., 7., 6., 6., 6.])
INFO:root:Confidence: None tensor([3., 5., 3., 4., 5.])
INFO:root:Epoch: 31 Training Loss: 0.29255972283059045
INFO:root:Main loss: None, Rec loss: tensor(0.1313, grad_fn=<MseLossBackward>), Conf loss: None
INFO:root:MainTask: None tensor([[ 6.3745,  1.4293,  2.4178],
        [ 8.7367,  1.6316,  1.9788],
        [31.2554, 10.8285,  4.0201],
        [ 7.4646,  2.3431,  1.8030],
        [15.3233,  5.7144,  3.2459]])
INFO:root:Recommendation: tensor([[5.7647],
        [6.2570],
        [4.9619],
        [5.7841],
        [6.0292]], grad_fn=<AddmmBackward>) tensor([6., 7., 5., 6., 6.])
INFO:root:Confidence: None tensor([4., 3., 5., 4., 3.])
INFO:root:Epoch: 32 Training Loss: 0.24400361102600673
INFO:root:Main loss: None, Rec loss: tensor(0.0150, grad_fn=<MseLossBackward>), Conf loss: None
INFO:root:MainTask: None tensor([[61.0655, 31.4123,  7.0863],
        [22.9403, 10.5010,  5.3329],
        [15.9532,  3.8433,  2.1314],
        [23.9109, 15.8200,  4.0979],
        [83.1097, 57.7969, 11.2137]])
INFO:root:Recommendation: tensor([[4.1155],
        [6.1387],
        [5.1617],
        [3.8943],
        [5.9275]], grad_fn=<AddmmBackward>) tensor([4., 6., 5., 4., 6.])
INFO:root:Confidence: None tensor([3., 4., 4., 4., 3.])
INFO:root:Epoch: 33 Training Loss: 0.20778472676429474
INFO:root:Main loss: None, Rec loss: tensor(0.1441, grad_fn=<MseLossBackward>), Conf loss: None
INFO:root:MainTask: None tensor([[ 7.3872,  4.7849,  1.7876],
        [28.4613, 23.6031,  4.4698],
        [18.1844, 17.6062,  4.1821],
        [26.6223, 14.2434,  7.7877],
        [23.6323, 11.6678,  3.0894]])
INFO:root:Recommendation: tensor([[6.9482],
        [4.3047],
        [5.4469],
        [5.8224],
        [6.9458]], grad_fn=<AddmmBackward>) tensor([7., 5., 5., 6., 7.])
INFO:root:Confidence: None tensor([3., 4., 3., 4., 4.])
INFO:root:Epoch: 34 Training Loss: 0.1989808124154703
INFO:root:Main loss: None, Rec loss: tensor(0.2252, grad_fn=<MseLossBackward>), Conf loss: None
INFO:root:MainTask: None tensor([[24.5447, 14.9617,  5.3369],
        [33.3633, 13.0761,  5.8215],
        [ 5.6979,  2.0877,  1.5944],
        [96.5210, 34.9049, 10.3274],
        [24.5447, 14.9617,  5.3369]])
INFO:root:Recommendation: tensor([[6.2016],
        [6.8473],
        [5.9206],
        [4.2582],
        [4.2890]], grad_fn=<AddmmBackward>) tensor([6., 7., 6., 5., 5.])
INFO:root:Confidence: None tensor([4., 4., 5., 4., 4.])
INFO:root:Epoch: 35 Training Loss: 0.1577681314117608
INFO:root:Main loss: None, Rec loss: tensor(0.0685, grad_fn=<MseLossBackward>), Conf loss: None
INFO:root:MainTask: None tensor([[23.4538, 14.4692,  4.2300],
        [ 7.4621,  6.5089,  1.9046],
        [ 0.7290,  0.0808,  0.5195],
        [34.8003, 15.1813,  5.5608],
        [19.8158, 12.3954,  3.5259]])
INFO:root:Recommendation: tensor([[3.4761],
        [8.9116],
        [3.9420],
        [5.2633],
        [7.1887]], grad_fn=<AddmmBackward>) tensor([3., 9., 4., 5., 7.])
INFO:root:Confidence: None tensor([5., 4., 4., 2., 3.])
INFO:root:Epoch: 36 Training Loss: 0.1282182928959006
INFO:root:Main loss: None, Rec loss: tensor(0.1473, grad_fn=<MseLossBackward>), Conf loss: None
INFO:root:MainTask: None tensor([[26.4151, 25.0453,  5.5043],
        [ 1.7620,  0.3861,  0.5363],
        [ 3.2471,  1.4352,  1.9337],
        [13.9781,  8.7112,  2.0757],
        [ 8.0204,  5.9640,  2.1162]])
INFO:root:Recommendation: tensor([[6.0267],
        [6.4043],
        [4.4161],
        [8.3838],
        [3.2899]], grad_fn=<AddmmBackward>) tensor([6., 6., 5., 8., 3.])
INFO:root:Confidence: None tensor([3., 3., 5., 4., 4.])
INFO:root:Epoch: 37 Training Loss: 0.17224866201858607
INFO:root:Main loss: None, Rec loss: tensor(0.1828, grad_fn=<MseLossBackward>), Conf loss: None
INFO:root:MainTask: None tensor([[12.2492,  7.9051,  2.6720],
        [24.5334, 15.0559,  4.5027],
        [24.5334, 15.0559,  4.5027],
        [16.9370,  5.4179,  3.2486],
        [12.9366, 10.2498,  3.1065]])
INFO:root:Recommendation: tensor([[3.1020],
        [7.1473],
        [2.5371],
        [5.2864],
        [3.7096]], grad_fn=<AddmmBackward>) tensor([3., 7., 2., 6., 4.])
INFO:root:Confidence: None tensor([2., 3., 5., 3., 4.])
INFO:root:Epoch: 38 Training Loss: 0.16280457425418818
INFO:root:Main loss: None, Rec loss: tensor(0.0625, grad_fn=<MseLossBackward>), Conf loss: None
INFO:root:MainTask: None tensor([[46.0344, 18.9420,  6.2715],
        [26.6183, 22.5010,  6.0797],
        [ 4.8154,  1.6927,  1.9058],
        [ 7.2775,  3.7375,  3.1737],
        [18.1564, 13.9886,  4.9592]])
INFO:root:Recommendation: tensor([[2.8709],
        [3.9967],
        [4.2488],
        [4.5413],
        [8.8463]], grad_fn=<AddmmBackward>) tensor([3., 4., 4., 5., 9.])
INFO:root:Confidence: None tensor([4., 5., 4., 4., 4.])
INFO:root:Epoch: 39 Training Loss: 0.1532701282062854
INFO:root:Main loss: None, Rec loss: tensor(0.0621, grad_fn=<MseLossBackward>), Conf loss: None
INFO:root:MainTask: None tensor([[15.9647,  5.7560,  3.1358],
        [21.2639, 10.2585,  3.5848],
        [42.3296,  7.5505,  6.0882],
        [61.0655, 31.4123,  7.0863],
        [33.9734, 21.4409,  5.4066]])
INFO:root:Recommendation: tensor([[6.3513],
        [3.3327],
        [4.0546],
        [4.0652],
        [4.7370]], grad_fn=<AddmmBackward>) tensor([6., 3., 4., 4., 5.])
INFO:root:Confidence: None tensor([5., 4., 4., 4., 5.])
INFO:root:Epoch: 40 Training Loss: 0.12886045702121676
INFO:root:Main loss: None, Rec loss: tensor(0.0146, grad_fn=<MseLossBackward>), Conf loss: None
INFO:root:MainTask: None tensor([[14.4975,  5.6358,  2.7765],
        [55.8890, 36.5348,  6.9668],
        [25.2716,  5.5159,  5.2360],
        [43.3288, 13.9898,  7.1072],
        [ 9.3029, 14.3213,  2.0713]])
INFO:root:Recommendation: tensor([[2.8705],
        [3.9973],
        [4.2160],
        [4.0518],
        [2.0842]], grad_fn=<AddmmBackward>) tensor([3., 4., 4., 4., 2.])
INFO:root:Confidence: None tensor([4., 4., 4., 4., 4.])
INFO:root:Epoch: 41 Training Loss: 0.12085576648785219
INFO:root:Main loss: None, Rec loss: tensor(0.1262, grad_fn=<MseLossBackward>), Conf loss: None
INFO:root:MainTask: None tensor([[12.9366, 10.2498,  3.1065],
        [ 5.7234,  4.2298,  1.4557],
        [21.4162, 14.5728,  2.8011],
        [12.5856,  4.6608,  2.6923],
        [60.9581, 49.4261,  9.1463]])
INFO:root:Recommendation: tensor([[5.7615],
        [6.1987],
        [3.5070],
        [5.8752],
        [8.5117]], grad_fn=<AddmmBackward>) tensor([6., 6., 3., 6., 8.])
INFO:root:Confidence: None tensor([4., 3., 4., 3., 4.])
INFO:root:Epoch: 42 Training Loss: 0.1365255599949829
INFO:root:Main loss: None, Rec loss: tensor(0.1006, grad_fn=<MseLossBackward>), Conf loss: None
INFO:root:MainTask: None tensor([[ 6.6971,  4.3161,  1.2822],
        [ 9.3257,  8.4940,  2.6228],
        [38.7639,  8.5888,  5.3913],
        [17.4590,  8.1828,  2.5790],
        [49.1200, 14.0647,  5.1937]])
INFO:root:Recommendation: tensor([[5.6777],
        [5.6369],
        [4.8276],
        [3.0821],
        [4.5196]], grad_fn=<AddmmBackward>) tensor([6., 6., 5., 3., 5.])
INFO:root:Confidence: None tensor([4., 4., 4., 3., 4.])
INFO:root:Epoch: 43 Training Loss: 0.07709294742546005
INFO:root:Main loss: None, Rec loss: tensor(0.0643, grad_fn=<MseLossBackward>), Conf loss: None
INFO:root:MainTask: None tensor([[11.8986,  7.2538,  3.2902],
        [13.9781,  8.7112,  2.0757],
        [32.6738, 17.8357,  4.5374],
        [40.5693, 11.6593,  6.9179],
        [10.3926,  3.4016,  3.3548]])
INFO:root:Recommendation: tensor([[5.9875],
        [3.9460],
        [4.8388],
        [7.0731],
        [2.4643]], grad_fn=<AddmmBackward>) tensor([6., 4., 5., 7., 3.])
INFO:root:Confidence: None tensor([3., 3., 5., 4., 4.])
INFO:root:Epoch: 44 Training Loss: 0.07906482802378917
INFO:root:Main loss: None, Rec loss: tensor(0.0213, grad_fn=<MseLossBackward>), Conf loss: None
INFO:root:MainTask: None tensor([[36.2455, 21.2498,  4.4355],
        [34.5111,  8.6560,  5.2222],
        [14.4201,  1.2237,  3.8144],
        [12.5856,  4.6608,  2.6923],
        [18.3371,  8.0263,  5.1379]])
INFO:root:Recommendation: tensor([[6.1025],
        [4.8977],
        [4.8964],
        [4.7577],
        [5.8726]], grad_fn=<AddmmBackward>) tensor([6., 5., 5., 5., 6.])
INFO:root:Confidence: None tensor([2., 4., 4., 4., 4.])
INFO:root:Epoch: 45 Training Loss: 0.08254126474065215
INFO:root:Main loss: None, Rec loss: tensor(0.2515, grad_fn=<MseLossBackward>), Conf loss: None
INFO:root:MainTask: None tensor([[ 9.3029, 14.3213,  2.0713],
        [33.5476, 13.1393,  7.2126],
        [10.7152,  9.2563,  2.5724],
        [63.1268, 74.0869, 16.7841],
        [12.2542,  5.7414,  2.6633]])
INFO:root:Recommendation: tensor([[2.3838],
        [6.0132],
        [7.0992],
        [3.7160],
        [6.1129]], grad_fn=<AddmmBackward>) tensor([3., 6., 7., 4., 7.])
INFO:root:Confidence: None tensor([4., 5., 3., 3., 4.])
INFO:root:Epoch: 46 Training Loss: 0.09502851420502666
INFO:root:Main loss: None, Rec loss: tensor(0.2641, grad_fn=<MseLossBackward>), Conf loss: None
INFO:root:MainTask: None tensor([[22.4276, 17.7902,  5.4023],
        [53.3409, 18.3141,  8.3183],
        [18.2683, 18.5450,  3.2729],
        [16.6529, 12.3539,  3.8160],
        [21.2639, 10.2585,  3.5848]])
INFO:root:Recommendation: tensor([[8.2243],
        [8.3962],
        [6.5635],
        [6.6281],
        [8.4400]], grad_fn=<AddmmBackward>) tensor([8., 9., 6., 6., 8.])
INFO:root:Confidence: None tensor([5., 4., 2., 3., 4.])
INFO:root:Epoch: 47 Training Loss: 0.09971006157862182
INFO:root:Main loss: None, Rec loss: tensor(0.1024, grad_fn=<MseLossBackward>), Conf loss: None
INFO:root:MainTask: None tensor([[15.9532,  3.8433,  2.1314],
        [ 6.0793,  2.9132,  2.2365],
        [40.2658, 22.8919,  6.3238],
        [19.9894, 16.8580,  3.6854],
        [40.5365, 22.8353,  4.5612]])
INFO:root:Recommendation: tensor([[5.2254],
        [5.4028],
        [4.0878],
        [4.5105],
        [6.8244]], grad_fn=<AddmmBackward>) tensor([5., 5., 4., 4., 7.])
INFO:root:Confidence: None tensor([4., 4., 5., 4., 4.])
INFO:root:Epoch: 48 Training Loss: 0.09680633278630695
INFO:root:Main loss: None, Rec loss: tensor(0.1533, grad_fn=<MseLossBackward>), Conf loss: None
INFO:root:MainTask: None tensor([[10.6908,  3.4013,  2.1382],
        [ 3.7179,  3.3928,  0.7708],
        [15.7818, 12.6522,  2.7067],
        [ 6.6742,  2.9976,  2.8448],
        [25.2716,  5.5159,  5.2360]])
INFO:root:Recommendation: tensor([[7.4362],
        [6.8294],
        [4.5652],
        [6.9529],
        [5.4746]], grad_fn=<AddmmBackward>) tensor([7., 7., 4., 7., 5.])
INFO:root:Confidence: None tensor([5., 3., 4., 4., 4.])
INFO:root:Epoch: 49 Training Loss: 0.1061087229554838
